2025-08-05 12:33:53,045 - ERROR - Fatal error starting application: cannot use geometry manager pack inside . which already has slaves managed by grid
2025-08-05 12:45:46,937 - INFO - GeoImporter application started
2025-08-05 12:47:25,154 - ERROR - Error uploading OneGeo_Buildings_Kolonia_HospitalSelection shapefile to PostgreSQL database: 'to_postgis()' requires geoalchemy2 package.
2025-08-05 12:47:25,161 - ERROR - Error uploading PUC_ElectricTransmissionLinePoles_Kolonia_Hospital shapefile to PostgreSQL database: 'to_postgis()' requires geoalchemy2 package.
2025-08-05 12:47:25,167 - ERROR - Error uploading PUC_Manholes_Kolonia_Hospital shapefile to PostgreSQL database: 'to_postgis()' requires geoalchemy2 package.
2025-08-05 12:47:25,171 - ERROR - Error uploading PUC_SewerLines_Kolonia_Hospital shapefile to PostgreSQL database: 'to_postgis()' requires geoalchemy2 package.
2025-08-05 12:47:25,177 - ERROR - Error uploading PUC_Transformers_Kolonia_Hospital shapefile to PostgreSQL database: 'to_postgis()' requires geoalchemy2 package.
2025-08-05 12:47:25,182 - ERROR - Error uploading PUC_WaterForcemainlines_Kolonia_Hospital shapefile to PostgreSQL database: 'to_postgis()' requires geoalchemy2 package.
2025-08-05 12:47:25,188 - ERROR - Error uploading PUC_WaterLiftpumps_Kolonia_Hospital shapefile to PostgreSQL database: 'to_postgis()' requires geoalchemy2 package.
2025-08-05 12:47:25,193 - ERROR - Error uploading PUC_Waterlines_Kolonia_Hospital shapefile to PostgreSQL database: 'to_postgis()' requires geoalchemy2 package.
2025-08-05 12:47:25,198 - ERROR - Error uploading PUC_Wells_Kolonia_Hospital shapefile to PostgreSQL database: 'to_postgis()' requires geoalchemy2 package.
2025-08-05 12:47:45,393 - INFO - GeoImporter application started
2025-08-05 12:48:04,083 - INFO - Successfully uploaded shapefile OneGeo_Buildings_Kolonia_HospitalSelection to PostgreSQL database
2025-08-05 12:48:04,146 - INFO - Successfully uploaded shapefile OneGeo_Buildings_Kolonia_HospitalSelection to GeoServer workspace CRC
2025-08-05 12:48:04,188 - INFO - Successfully uploaded shapefile PUC_ElectricTransmissionLinePoles_Kolonia_Hospital to PostgreSQL database
2025-08-05 12:48:04,349 - INFO - Successfully uploaded shapefile PUC_ElectricTransmissionLinePoles_Kolonia_Hospital to GeoServer workspace CRC
2025-08-05 12:48:04,386 - INFO - Successfully uploaded shapefile PUC_Manholes_Kolonia_Hospital to PostgreSQL database
2025-08-05 12:48:04,455 - INFO - Successfully uploaded shapefile PUC_Manholes_Kolonia_Hospital to GeoServer workspace CRC
2025-08-05 12:48:04,488 - INFO - Successfully uploaded shapefile PUC_SewerLines_Kolonia_Hospital to PostgreSQL database
2025-08-05 12:48:04,521 - INFO - Successfully uploaded shapefile PUC_SewerLines_Kolonia_Hospital to GeoServer workspace CRC
2025-08-05 12:48:04,570 - INFO - Successfully uploaded shapefile PUC_Transformers_Kolonia_Hospital to PostgreSQL database
2025-08-05 12:48:04,652 - INFO - Successfully uploaded shapefile PUC_Transformers_Kolonia_Hospital to GeoServer workspace CRC
2025-08-05 12:48:04,684 - INFO - Successfully uploaded shapefile PUC_WaterForcemainlines_Kolonia_Hospital to PostgreSQL database
2025-08-05 12:48:04,759 - INFO - Successfully uploaded shapefile PUC_WaterForcemainlines_Kolonia_Hospital to GeoServer workspace CRC
2025-08-05 12:48:04,789 - INFO - Successfully uploaded shapefile PUC_WaterLiftpumps_Kolonia_Hospital to PostgreSQL database
2025-08-05 12:48:04,821 - INFO - Successfully uploaded shapefile PUC_WaterLiftpumps_Kolonia_Hospital to GeoServer workspace CRC
2025-08-05 12:48:04,851 - INFO - Successfully uploaded shapefile PUC_Waterlines_Kolonia_Hospital to PostgreSQL database
2025-08-05 12:48:04,913 - INFO - Successfully uploaded shapefile PUC_Waterlines_Kolonia_Hospital to GeoServer workspace CRC
2025-08-05 12:48:04,955 - INFO - Successfully uploaded shapefile PUC_Wells_Kolonia_Hospital to PostgreSQL database
2025-08-05 12:48:04,990 - INFO - Successfully uploaded shapefile PUC_Wells_Kolonia_Hospital to GeoServer workspace CRC
